<?xml version="1.0" encoding="UTF-8"?>
<!-- Generated by org.testng.reporters.JUnitReportReporter -->
<testsuite skipped="0" hostname="Srimaan" name="Practice.CRM3" tests="1" failures="0" timestamp="2020-02-03T13:56:14 IST" time="14.792" errors="0">
  <testcase name="CRM" time="14.792" classname="Practice.CRM3"/>
</testsuite> <!-- Practice.CRM3 -->
