<?xml version="1.0" encoding="UTF-8"?>
<!-- Generated by org.testng.reporters.JUnitReportReporter -->
<testsuite skipped="0" hostname="Srimaan" name="HRM.Activity_10" tests="1" failures="0" timestamp="2020-02-04T11:59:05 IST" time="2.690" errors="0">
  <testcase name="Test" time="2.690" classname="HRM.Activity_10"/>
</testsuite> <!-- HRM.Activity_10 -->
