<?xml version="1.0" encoding="UTF-8"?>
<!-- Generated by org.testng.reporters.JUnitReportReporter -->
<testsuite skipped="0" hostname="Srimaan" name="Practice.Jobs11" tests="1" failures="0" timestamp="2020-02-06T16:18:07 IST" time="10.607" errors="0">
  <testcase name="activity10" time="10.607" classname="Practice.Jobs11"/>
</testsuite> <!-- Practice.Jobs11 -->
