<?xml version="1.0" encoding="UTF-8"?>
<!-- Generated by org.testng.reporters.JUnitReportReporter -->
<testsuite skipped="0" hostname="Srimaan" name="CRM.Activity_9" tests="1" failures="0" timestamp="2020-02-03T14:56:52 IST" time="3.657" errors="0">
  <testcase name="Test" time="3.657" classname="CRM.Activity_9"/>
</testsuite> <!-- CRM.Activity_9 -->
