<?xml version="1.0" encoding="UTF-8"?>
<!-- Generated by org.testng.reporters.JUnitReportReporter -->
<testsuite skipped="0" hostname="Srimaan" name="Practice.allCourses" tests="1" failures="0" timestamp="2020-02-05T16:05:39 IST" time="3.778" errors="0">
  <testcase name="allcourses" time="3.778" classname="Practice.allCourses"/>
</testsuite> <!-- Practice.allCourses -->
