<?xml version="1.0" encoding="UTF-8"?>
<!-- Generated by org.testng.reporters.JUnitReportReporter -->
<testsuite skipped="0" hostname="Srimaan" name="Practice.Jobs15" tests="1" failures="0" timestamp="2020-02-07T11:34:24 IST" time="14.198" errors="0">
  <testcase name="newww" time="14.198" classname="Practice.Jobs15"/>
</testsuite> <!-- Practice.Jobs15 -->
