<?xml version="1.0" encoding="UTF-8"?>
<!-- Generated by org.testng.reporters.JUnitReportReporter -->
<testsuite skipped="0" hostname="Srimaan" name="Practice.CRM5" tests="1" failures="0" timestamp="2020-02-03T14:03:11 IST" time="14.208" errors="0">
  <testcase name="CRM" time="14.208" classname="Practice.CRM5"/>
</testsuite> <!-- Practice.CRM5 -->
