<?xml version="1.0" encoding="UTF-8"?>
<!-- Generated by org.testng.reporters.JUnitReportReporter -->
<testsuite skipped="0" hostname="Srimaan" name="newwwww" tests="1" failures="0" timestamp="2020-02-03T12:30:37 IST" time="12.790" errors="0">
  <testcase name="newwww" time="12.790" classname="newwwww"/>
</testsuite> <!-- newwwww -->
