<?xml version="1.0" encoding="UTF-8"?>
<!-- Generated by org.testng.reporters.JUnitReportReporter -->
<testsuite skipped="0" hostname="Srimaan" name="CRM.Activity_10" tests="1" failures="0" timestamp="2020-02-04T11:07:24 IST" time="0.861" errors="0">
  <testcase name="Test" time="0.861" classname="CRM.Activity_10"/>
</testsuite> <!-- CRM.Activity_10 -->
