<?xml version="1.0" encoding="UTF-8"?>
<!-- Generated by org.testng.reporters.JUnitReportReporter -->
<testsuite skipped="0" hostname="Srimaan" name="Practice.CRM6" tests="1" failures="0" timestamp="2020-02-03T14:06:07 IST" time="18.043" errors="0">
  <testcase name="CRM" time="18.043" classname="Practice.CRM6"/>
</testsuite> <!-- Practice.CRM6 -->
