<?xml version="1.0" encoding="UTF-8"?>
<!-- Generated by org.testng.reporters.JUnitReportReporter -->
<testsuite skipped="0" hostname="Srimaan" name="Practice.CRM1" tests="1" failures="0" timestamp="2020-02-03T13:51:26 IST" time="11.118" errors="0">
  <testcase name="crm1" time="11.118" classname="Practice.CRM1"/>
</testsuite> <!-- Practice.CRM1 -->
