<?xml version="1.0" encoding="UTF-8"?>
<!-- Generated by org.testng.reporters.JUnitReportReporter -->
<testsuite skipped="0" hostname="Srimaan" name="Practice.CRM7" tests="1" failures="0" timestamp="2020-02-03T14:37:44 IST" time="24.707" errors="0">
  <testcase name="CRM" time="24.707" classname="Practice.CRM7"/>
</testsuite> <!-- Practice.CRM7 -->
