<?xml version="1.0" encoding="UTF-8"?>
<!-- Generated by org.testng.reporters.JUnitReportReporter -->
<testsuite skipped="0" hostname="Srimaan" name="Practice.CRM8" tests="1" failures="0" timestamp="2020-02-03T14:51:05 IST" time="25.370" errors="0">
  <testcase name="CRM" time="25.370" classname="Practice.CRM8"/>
</testsuite> <!-- Practice.CRM8 -->
