<?xml version="1.0" encoding="UTF-8"?>
<!-- Generated by org.testng.reporters.JUnitReportReporter -->
<testsuite skipped="0" hostname="Srimaan" name="CRM.Activity_12" tests="1" failures="0" timestamp="2020-02-06T11:25:30 IST" time="11.659" errors="0">
  <testcase name="test" time="11.659" classname="CRM.Activity_12"/>
</testsuite> <!-- CRM.Activity_12 -->
