<?xml version="1.0" encoding="UTF-8"?>
<!-- Generated by org.testng.reporters.JUnitReportReporter -->
<testsuite skipped="0" hostname="Srimaan" name="Practice.CRM2" tests="1" failures="0" timestamp="2020-02-03T13:54:05 IST" time="11.126" errors="0">
  <testcase name="CRM" time="11.126" classname="Practice.CRM2"/>
</testsuite> <!-- Practice.CRM2 -->
