<?xml version="1.0" encoding="UTF-8"?>
<!-- Generated by org.testng.reporters.JUnitReportReporter -->
<testsuite skipped="0" hostname="Srimaan" name="jobs.Activity_10" tests="1" failures="0" timestamp="2020-02-05T14:26:46 IST" time="3.730" errors="0">
  <testcase name="Test" time="3.730" classname="jobs.Activity_10"/>
</testsuite> <!-- jobs.Activity_10 -->
