<?xml version="1.0" encoding="UTF-8"?>
<!-- Generated by org.testng.reporters.JUnitReportReporter -->
<testsuite skipped="0" hostname="Srimaan" name="HRM.Activity_9" tests="1" failures="0" timestamp="2020-02-03T11:58:45 IST" time="1.863" errors="0">
  <testcase name="Test" time="1.863" classname="HRM.Activity_9"/>
</testsuite> <!-- HRM.Activity_9 -->
