<?xml version="1.0" encoding="UTF-8"?>
<!-- Generated by org.testng.reporters.JUnitReportReporter -->
<testsuite skipped="0" hostname="Srimaan" name="Practice.CRM4" tests="1" failures="0" timestamp="2020-02-03T14:00:30 IST" time="13.855" errors="0">
  <testcase name="CRM" time="13.855" classname="Practice.CRM4"/>
</testsuite> <!-- Practice.CRM4 -->
