<?xml version="1.0" encoding="UTF-8"?>
<!-- Generated by org.testng.reporters.JUnitReportReporter -->
<testsuite skipped="0" hostname="Srimaan" name="test1.getRequest" tests="1" failures="0" timestamp="2020-02-20T15:43:26 IST" time="4.767" errors="0">
  <testcase name="firstt" time="4.767" classname="test1.getRequest"/>
</testsuite> <!-- test1.getRequest -->
