<?xml version="1.0" encoding="UTF-8"?>
<!-- Generated by org.testng.reporters.JUnitReportReporter -->
<testsuite skipped="0" hostname="Srimaan" name="test1.postRequest" tests="1" failures="0" timestamp="2020-02-10T15:06:32 IST" time="3.623" errors="0">
  <testcase name="test1" time="3.623" classname="test1.postRequest"/>
</testsuite> <!-- test1.postRequest -->
