<?xml version="1.0" encoding="UTF-8"?>
<!-- Generated by org.testng.reporters.JUnitReportReporter -->
<testsuite skipped="0" hostname="Srimaan" name="test1.putRequest" tests="1" failures="0" timestamp="2020-02-12T11:10:10 IST" time="0.981" errors="0">
  <testcase name="test1" time="0.981" classname="test1.putRequest"/>
</testsuite> <!-- test1.putRequest -->
