<?xml version="1.0" encoding="UTF-8"?>
<!-- Generated by org.testng.reporters.JUnitReportReporter -->
<testsuite skipped="0" hostname="Srimaan" name="test1.first" tests="1" failures="0" timestamp="2020-02-09T15:28:41 IST" time="2.787" errors="0">
  <testcase name="firstt" time="2.787" classname="test1.first"/>
</testsuite> <!-- test1.first -->
