<?xml version="1.0" encoding="UTF-8"?>
<!-- Generated by org.testng.reporters.JUnitReportReporter -->
<testsuite skipped="0" hostname="Srimaan" name="test1.getRequestPractice" tests="1" failures="0" timestamp="2020-02-10T14:02:37 IST" time="3.106" errors="0">
  <testcase name="test1" time="3.106" classname="test1.getRequestPractice"/>
</testsuite> <!-- test1.getRequestPractice -->
