<?xml version="1.0" encoding="UTF-8"?>
<!-- Generated by org.testng.reporters.JUnitReportReporter -->
<testsuite skipped="0" hostname="Srimaan" name="test1.getRequest" tests="1" failures="0" timestamp="2020-02-10T15:21:33 IST" time="4.200" errors="0">
  <testcase name="firstt" time="4.200" classname="test1.getRequest"/>
</testsuite> <!-- test1.getRequest -->
