<?xml version="1.0" encoding="UTF-8"?>
<!-- Generated by org.testng.reporters.JUnitReportReporter -->
<testsuite skipped="0" hostname="Srimaan" name="sample2" tests="1" failures="0" timestamp="2020-03-17T15:03:03 IST" time="45.314" errors="0">
  <testcase name="youtubeTest" time="45.314" classname="sample2"/>
</testsuite> <!-- sample2 -->
